<?xml version="1.0" encoding="UTF-8"?>
<testng-results ignored="0" total="1" passed="1" failed="0" skipped="0">
  <reporter-output>
  </reporter-output>
  <suite started-at="2023-08-01T07:43:40 IST" name="Default suite" finished-at="2023-08-01T07:44:08 IST" duration-ms="28602">
    <groups>
    </groups>
    <test started-at="2023-08-01T07:43:40 IST" name="Default test" finished-at="2023-08-01T07:44:08 IST" duration-ms="28602">
      <class name="AutomateEcommerce.AutomateEcommerce.Ecommerce">
        <test-method is-config="true" signature="setup()[pri:0, instance:AutomateEcommerce.AutomateEcommerce.Ecommerce@6bd61f98]" started-at="2023-08-01T07:43:40 IST" name="setup" finished-at="2023-08-01T07:43:41 IST" duration-ms="1516" status="PASS">
          <reporter-output>
          </reporter-output>
        </test-method> <!-- setup -->
        <test-method signature="ecommerce_test()[pri:0, instance:AutomateEcommerce.AutomateEcommerce.Ecommerce@6bd61f98]" started-at="2023-08-01T07:43:41 IST" name="ecommerce_test" finished-at="2023-08-01T07:44:08 IST" duration-ms="26690" status="PASS">
          <reporter-output>
          </reporter-output>
        </test-method> <!-- ecommerce_test -->
        <test-method is-config="true" signature="tearDown()[pri:0, instance:AutomateEcommerce.AutomateEcommerce.Ecommerce@6bd61f98]" started-at="2023-08-01T07:44:08 IST" name="tearDown" finished-at="2023-08-01T07:44:08 IST" duration-ms="329" status="PASS">
          <reporter-output>
          </reporter-output>
        </test-method> <!-- tearDown -->
      </class> <!-- AutomateEcommerce.AutomateEcommerce.Ecommerce -->
    </test> <!-- Default test -->
  </suite> <!-- Default suite -->
</testng-results>
